<?xml version="1.0" encoding="UTF-8"?>
<!-- Generated by org.testng.reporters.JUnitReportReporter -->
<testsuite skipped="0" hostname="pankajpc" name="TestCases.topnavigationtest" tests="1" failures="0" timestamp="23 May 2020 06:41:57 GMT" time="0.821" errors="0">
  <testcase name="topnavigate" time="0.821" classname="TestCases.topnavigationtest"/>
</testsuite> <!-- TestCases.topnavigationtest -->
