<?xml version="1.0" encoding="UTF-8"?>
<!-- Generated by org.testng.reporters.JUnitReportReporter -->
<testsuite skipped="0" hostname="pankajpc" name="TestCases.LoginTest" tests="1" failures="0" timestamp="04 Jun 2020 12:33:33 GMT" time="22.716" errors="0">
  <testcase name="dologin" time="22.716" classname="TestCases.LoginTest"/>
</testsuite> <!-- TestCases.LoginTest -->
