<?xml version="1.0" encoding="UTF-8"?>
<!-- Generated by org.testng.reporters.JUnitReportReporter -->
<testsuite skipped="0" hostname="pankajpc" name="TestCases.Loginpage" tests="1" failures="0" timestamp="22 May 2020 10:53:47 GMT" time="0.474" errors="0">
  <testcase name="login" time="0.474" classname="TestCases.Loginpage"/>
</testsuite> <!-- TestCases.Loginpage -->
