<?xml version="1.0" encoding="UTF-8"?>
<!-- Generated by org.testng.reporters.JUnitReportReporter -->
<testsuite skipped="1" hostname="pankajpc" name="TestCases.LoginTest" tests="2" failures="0" timestamp="03 Jun 2020 05:13:30 GMT" time="8.977" errors="0">
  <testcase name="dologin" time="0.003" classname="TestCases.LoginTest">
    <skipped/>
  </testcase> <!-- dologin -->
  <testcase name="dologin" time="8.974" classname="TestCases.LoginTest"/>
</testsuite> <!-- TestCases.LoginTest -->
