<?xml version="1.0" encoding="UTF-8"?>
<!-- Generated by org.testng.reporters.JUnitReportReporter -->
<testsuite skipped="1" hostname="pankajpc" name="TestCases.LoginTest" tests="2" failures="0" timestamp="04 Jun 2020 12:11:01 GMT" time="22.720" errors="0">
  <testcase name="dologin" time="22.718" classname="TestCases.LoginTest"/>
  <testcase name="dologin" time="0.002" classname="TestCases.LoginTest">
    <skipped/>
  </testcase> <!-- dologin -->
</testsuite> <!-- TestCases.LoginTest -->
