<?xml version="1.0" encoding="UTF-8"?>
<!-- Generated by org.testng.reporters.JUnitReportReporter -->
<testsuite skipped="0" hostname="pankajpc" name="TestCases.Searchfriends" tests="2" failures="0" timestamp="04 Jun 2020 12:31:00 GMT" time="13.093" errors="0">
  <testcase name="dologin" time="11.298" classname="TestCases.Searchfriends"/>
  <testcase name="friends" time="1.795" classname="TestCases.Searchfriends"/>
</testsuite> <!-- TestCases.Searchfriends -->
