<?xml version="1.0" encoding="UTF-8"?>
<!-- Generated by org.testng.reporters.JUnitReportReporter -->
<testsuite skipped="0" hostname="pankajpc" name="TestCases.UploadPhoto" tests="1" failures="0" timestamp="22 May 2020 11:39:11 GMT" time="39.762" errors="0">
  <testcase name="updatephoto" time="39.762" classname="TestCases.UploadPhoto"/>
</testsuite> <!-- TestCases.UploadPhoto -->
