<?xml version="1.0" encoding="UTF-8"?>
<!-- Generated by org.testng.reporters.JUnitReportReporter -->
<testsuite skipped="1" hostname="pankajpc" name="TestCases.LoginTest" tests="2" failures="0" timestamp="04 Jun 2020 11:58:19 GMT" time="25.220" errors="0">
  <testcase name="dologin" time="0.000" classname="TestCases.LoginTest">
    <skipped/>
  </testcase> <!-- dologin -->
  <testcase name="dologin" time="25.220" classname="TestCases.LoginTest"/>
</testsuite> <!-- TestCases.LoginTest -->
